<?xml version="1.0" encoding="UTF-8"?>
<testsuite name="DoctorTest" tests="2" skipped="0" failures="0" errors="0" timestamp="2016-05-03T16:58:08" hostname="epicodus-49.local" time="0.082">
  <properties/>
  <testcase name="getName_doctorInstantiatesWithName_name" classname="DoctorTest" time="0.077"/>
  <testcase name="Doctor_instantiatesCorrectly_true" classname="DoctorTest" time="0.005"/>
  <system-out><![CDATA[]]></system-out>
  <system-err><![CDATA[]]></system-err>
</testsuite>
