<?xml version="1.0" encoding="UTF-8"?>
<testsuite name="DoctorTest" tests="8" skipped="0" failures="0" errors="0" timestamp="2016-05-03T18:40:48" hostname="epicodus-49.local" time="0.2">
  <properties/>
  <testcase name="find_findDoctorInDatabase_true" classname="DoctorTest" time="0.113"/>
  <testcase name="equals_returnsTrueIfNamesAretheSame" classname="DoctorTest" time="0.005"/>
  <testcase name="getName_doctorInstantiatesWithName_name" classname="DoctorTest" time="0.005"/>
  <testcase name="getPatients_retrievesAllPatientsFromDatabase_patientsList" classname="DoctorTest" time="0.032"/>
  <testcase name="Doctor_instantiatesCorrectly_true" classname="DoctorTest" time="0.005"/>
  <testcase name="all_emptyAtFirst" classname="DoctorTest" time="0.009"/>
  <testcase name="save_returnsTrueIfSaved_true" classname="DoctorTest" time="0.016"/>
  <testcase name="save_assignsIdToObject" classname="DoctorTest" time="0.014"/>
  <system-out><![CDATA[2
]]></system-out>
  <system-err><![CDATA[]]></system-err>
</testsuite>
